2023-03-25 12:57:47,184: ERROR 	 Data for the date 2023-03-24 is not published.
2023-03-25 12:58:17: ERROR 	 Data for the date 2023-03-24 is not published.
2023-03-25 13:40:45: ERROR 	 Data for the date 2023-03-24 is not published.
2023-03-25 13:42:19: ERROR 	 Data for the date 2023-03-24 is not published.
2023-03-25 14:02:19: ERROR 	 Data for the date 2023-03-24 is not published.
2023-03-25 14:02:32: ERROR 	 Data for the date 2023-03-24 is not published.
2023-03-25 14:02:46: ERROR 	 Data for the date 2023-03-24 is not published.
2023-03-25 14:02:55: ERROR 	 Data for the date 2023-03-24 is not published.
2023-03-25 14:09:09: INFO 	 --- Downloading the date 2023-03-22
2023-03-25 14:09:34: INFO 	 Downloading...	 WEBPXTICK_DT.zip
2023-03-25 14:09:34: INFO 	 File downloaded.	 WEBPXTICK_DT.zip
2023-03-25 14:09:35: INFO 	 Downloading...	 TickData_structure.dat
2023-03-25 14:09:35: INFO 	 File downloaded.	 TickData_structure.dat
2023-03-25 14:09:35: INFO 	 Downloading...	 TC.txt
2023-03-25 14:09:35: INFO 	 File downloaded.	 TC.txt
2023-03-25 14:09:35: INFO 	 Downloading...	 TC_structure.dat
2023-03-25 14:09:35: INFO 	 File downloaded.	 TC_structure.dat
2023-03-25 14:09:49: INFO 	 The date 2023-03-22 has already downloaded.
2023-03-25 14:10:25: INFO 	 Some files in 2023-03-22 are missing. Re-downloading...
2023-03-25 14:10:25: INFO 	 --- Downloading the date 2023-03-22
2023-03-25 14:10:52: INFO 	 Downloading...	 WEBPXTICK_DT.zip
2023-03-25 14:10:52: INFO 	 File downloaded.	 WEBPXTICK_DT.zip
2023-03-25 14:10:52: INFO 	 Downloading...	 TickData_structure.dat
2023-03-25 14:10:52: INFO 	 File downloaded.	 TickData_structure.dat
2023-03-25 14:10:53: INFO 	 Downloading...	 TC.txt
2023-03-25 14:10:53: INFO 	 File downloaded.	 TC.txt
2023-03-25 14:10:54: INFO 	 Downloading...	 TC_structure.dat
2023-03-25 14:10:54: INFO 	 File downloaded.	 TC_structure.dat
2023-03-25 14:10:54: INFO 	 Some files in 2023-03-22 are missing. Re-downloading...
2023-03-25 14:10:54: INFO 	 Some files in 2023-03-22 are missing. Re-downloading...
2023-03-25 14:10:54: INFO 	 --- Downloading the date 2023-03-22
2023-03-25 14:12:00: INFO 	 Downloading...	 WEBPXTICK_DT.zip
2023-03-25 14:12:00: INFO 	 File downloaded.	 WEBPXTICK_DT.zip
2023-03-25 14:12:01: INFO 	 Downloading...	 TickData_structure.dat
2023-03-25 14:12:01: INFO 	 File downloaded.	 TickData_structure.dat
2023-03-25 14:12:01: INFO 	 Downloading...	 TC.txt
2023-03-25 14:12:01: INFO 	 File downloaded.	 TC.txt
2023-03-25 14:12:01: INFO 	 Downloading...	 TC_structure.dat
2023-03-25 14:12:01: INFO 	 File downloaded.	 TC_structure.dat
2023-03-25 14:12:01: INFO 	 Some files in 2023-03-22 are missing. Re-downloading...
2023-03-25 14:12:01: INFO 	 Some files in 2023-03-22 are missing. Re-downloading...
2023-03-25 14:12:01: INFO 	 --- Downloading the date 2023-03-22
2023-03-25 14:20:18: ERROR 	 Data for the date 2023-03-24 is not published.
2023-03-25 14:20:34: INFO 	 Some files in 2023-03-22 are missing. Re-downloading...
2023-03-25 14:20:34: INFO 	 --- Downloading the date 2023-03-22
2023-03-25 14:21:37: INFO 	 Some files in 2023-03-22 are missing. Re-downloading...
2023-03-25 14:21:37: INFO 	 --- Downloading the date 2023-03-22
2023-03-25 14:21:38: INFO 	 Downloading...	 TC.txt
2023-03-25 14:21:38: INFO 	 File downloaded.	 TC.txt
2023-03-25 14:22:24: WARNING 	 The date 2023-03-19 is not a working day!
2023-03-25 14:22:24: INFO 	 --- Downloading the date 2023-03-20
2023-03-25 14:22:24: WARNING 	 The date 2023-03-20 is not a working day!
2023-03-25 14:22:24: INFO 	 --- Downloading the date 2023-03-21
2023-03-25 14:22:24: WARNING 	 The date 2023-03-21 is not a working day!
2023-03-25 14:22:24: INFO 	 Some files in 2023-03-22 are missing. Re-downloading...
2023-03-25 14:22:24: INFO 	 --- Downloading the date 2023-03-22
2023-03-25 14:22:30: INFO 	 Downloading...	 WEBPXTICK_DT.zip
2023-03-25 14:22:30: INFO 	 File downloaded.	 WEBPXTICK_DT.zip
2023-03-25 14:22:30: INFO 	 Downloading...	 TickData_structure.dat
2023-03-25 14:22:30: INFO 	 File downloaded.	 TickData_structure.dat
2023-03-25 14:22:30: INFO 	 --- Downloading the date 2023-03-23
2023-03-25 14:22:30: WARNING 	 The date 2023-03-23 is not a working day!
2023-03-25 14:26:11: INFO 	 The date 2023-03-22 has already downloaded.
2023-03-25 14:28:47: INFO 	 The date 2023-03-22 has already downloaded.
2023-03-25 14:29:27: INFO 	 Some files in 2023-03-22 are missing. Re-downloading...
2023-03-25 14:29:27: INFO 	 --- Downloading the date 2023-03-22
2023-03-25 14:29:28: INFO 	 Downloading...	 TickData_structure.dat
2023-03-25 14:29:28: INFO 	 File downloaded.	 TickData_structure.dat
2023-03-25 14:34:20: WARNING 	 The date 2023-03-19 is not a working day!
2023-03-25 14:34:20: INFO 	 --- Downloading the date 2023-03-20
2023-03-25 14:34:20: WARNING 	 The date 2023-03-20 is not a working day!
2023-03-25 14:34:20: INFO 	 --- Downloading the date 2023-03-21
2023-03-25 14:34:20: WARNING 	 The date 2023-03-21 is not a working day!
2023-03-25 14:34:20: INFO 	 The date 2023-03-22 has already downloaded.
2023-03-25 14:34:20: INFO 	 --- Downloading the date 2023-03-23
2023-03-25 14:34:20: WARNING 	 The date 2023-03-23 is not a working day!
2023-03-25 14:36:45: INFO 	 --- Downloading the date 2023-03-23
2023-03-25 14:38:57: INFO 	 --- Downloading the date 2023-03-23
2023-03-25 14:39:01: INFO 	 Downloading...	 WEBPXTICK_DT.zip
2023-03-25 14:39:01: INFO 	 File downloaded.	 WEBPXTICK_DT.zip
2023-03-25 14:39:01: INFO 	 Downloading...	 TickData_structure.dat
2023-03-25 14:39:01: INFO 	 File downloaded.	 TickData_structure.dat
2023-03-25 14:39:02: INFO 	 Downloading...	 TC.txt
2023-03-25 14:39:02: INFO 	 File downloaded.	 TC.txt
2023-03-25 14:39:02: INFO 	 Downloading...	 TC_structure.dat
2023-03-25 14:39:02: INFO 	 File downloaded.	 TC_structure.dat
2023-03-25 14:39:27: WARNING 	 The date 2023-03-18 is not a working day!
2023-03-25 14:39:27: INFO 	 --- Downloading the date 2023-03-20
2023-03-25 14:39:32: INFO 	 Downloading...	 WEBPXTICK_DT.zip
2023-03-25 14:39:32: INFO 	 File downloaded.	 WEBPXTICK_DT.zip
2023-03-25 14:39:32: INFO 	 Downloading...	 TickData_structure.dat
2023-03-25 14:39:32: INFO 	 File downloaded.	 TickData_structure.dat
2023-03-25 14:39:32: INFO 	 Downloading...	 TC.txt
2023-03-25 14:39:32: INFO 	 File downloaded.	 TC.txt
2023-03-25 14:39:32: INFO 	 Downloading...	 TC_structure.dat
2023-03-25 14:39:32: INFO 	 File downloaded.	 TC_structure.dat
2023-03-25 14:39:32: INFO 	 --- Downloading the date 2023-03-21
2023-03-25 14:39:36: INFO 	 Downloading...	 WEBPXTICK_DT.zip
2023-03-25 14:39:36: INFO 	 File downloaded.	 WEBPXTICK_DT.zip
2023-03-25 14:39:37: INFO 	 Downloading...	 TickData_structure.dat
2023-03-25 14:39:37: INFO 	 File downloaded.	 TickData_structure.dat
2023-03-25 14:39:37: INFO 	 Downloading...	 TC.txt
2023-03-25 14:39:37: INFO 	 File downloaded.	 TC.txt
2023-03-25 14:39:37: INFO 	 Downloading...	 TC_structure.dat
2023-03-25 14:39:37: INFO 	 File downloaded.	 TC_structure.dat
2023-03-25 14:39:37: INFO 	 The date 2023-03-22 has already downloaded.
2023-03-25 14:39:37: INFO 	 The date 2023-03-23 has already downloaded.
2023-03-25 15:52:40: INFO 	 --- Downloading the date 2014-01-03
2023-03-25 15:52:46: INFO 	 Downloading...	 WEBPXTICK_DT.zip
2023-03-25 15:52:46: INFO 	 File downloaded.	 WEBPXTICK_DT.zip
2023-03-25 15:52:46: INFO 	 Downloading...	 TickData_structure.dat
2023-03-25 15:52:46: INFO 	 File downloaded.	 TickData_structure.dat
2023-03-25 15:52:46: INFO 	 Downloading...	 TC.txt
2023-03-25 15:52:46: INFO 	 File downloaded.	 TC.txt
2023-03-25 15:52:46: INFO 	 Downloading...	 TC_structure.dat
2023-03-25 15:52:46: INFO 	 File downloaded.	 TC_structure.dat
2023-03-25 17:21:19: ERROR 	 Data for the date 2023-03-24 is not published.
2023-03-25 17:21:37: ERROR 	 Data for the date 2023-03-24 is not published.
2023-03-25 17:21:57: INFO 	 --- Downloading the date 2022-12-01
2023-03-25 17:22:15: INFO 	 Downloading...	 WEBPXTICK_DT.zip
2023-03-25 17:22:15: INFO 	 File downloaded.	 WEBPXTICK_DT.zip
2023-03-25 17:22:15: INFO 	 Downloading...	 TickData_structure.dat
2023-03-25 17:22:15: INFO 	 File downloaded.	 TickData_structure.dat
2023-03-25 17:22:16: INFO 	 Downloading...	 TC.txt
2023-03-25 17:22:16: INFO 	 File downloaded.	 TC.txt
2023-03-25 17:22:16: INFO 	 Downloading...	 TC_structure.dat
2023-03-25 17:22:16: INFO 	 File downloaded.	 TC_structure.dat
2023-03-25 17:27:19: ERROR 	 Data for the date 2023-03-24 is not published.
2024-05-29 22:04:14: INFO 	 *** Updating new date... 2023-03-24
2024-05-29 22:04:18: INFO 	 *** Updating new date... 2023-03-27
2024-05-29 22:04:22: INFO 	 *** Updating new date... 2023-03-28
2024-05-29 22:04:26: INFO 	 *** Updating new date... 2023-03-29
2024-05-29 22:04:29: INFO 	 *** Updating new date... 2023-03-30
2024-05-29 22:04:34: INFO 	 *** Updating new date... 2023-03-31
2024-05-29 22:04:38: INFO 	 *** Updating new date... 2023-04-03
2024-05-29 22:04:41: INFO 	 *** Updating new date... 2023-04-04
2024-05-29 22:04:45: INFO 	 *** Updating new date... 2023-04-05
2024-05-29 22:04:49: INFO 	 *** Updating new date... 2023-04-06
2024-05-29 22:04:51: INFO 	 *** Updating new date... 2023-04-07
2024-05-29 22:04:54: INFO 	 *** Updating new date... 2023-04-10
2024-05-29 22:04:57: INFO 	 *** Updating new date... 2023-04-11
2024-05-29 22:05:01: INFO 	 *** Updating new date... 2023-04-12
2024-05-29 22:05:04: INFO 	 *** Updating new date... 2023-04-13
2024-05-29 22:05:07: INFO 	 *** Updating new date... 2023-04-14
2024-05-29 22:05:10: INFO 	 *** Updating new date... 2023-04-17
2024-05-29 22:05:16: INFO 	 *** Updating new date... 2023-04-18
2024-05-29 22:05:21: INFO 	 *** Updating new date... 2023-04-19
2024-05-29 22:05:26: INFO 	 *** Updating new date... 2023-04-20
2024-05-29 22:05:31: INFO 	 *** Updating new date... 2023-04-21
2024-05-29 22:05:35: INFO 	 *** Updating new date... 2023-04-24
2024-05-29 22:05:38: INFO 	 *** Updating new date... 2023-04-25
2024-05-29 22:05:41: INFO 	 *** Updating new date... 2023-04-26
2024-05-29 22:05:45: INFO 	 *** Updating new date... 2023-04-27
2024-05-29 22:05:50: INFO 	 *** Updating new date... 2023-04-28
2024-05-29 22:05:52: INFO 	 *** Updating new date... 2023-05-01
2024-05-29 22:06:01: INFO 	 *** Updating new date... 2023-05-02
2024-05-29 22:06:06: INFO 	 *** Updating new date... 2023-05-03
2024-05-29 22:06:12: INFO 	 *** Updating new date... 2023-05-04
2024-05-29 22:06:17: INFO 	 *** Updating new date... 2023-05-05
2024-05-29 22:06:20: INFO 	 *** Updating new date... 2023-05-08
2024-05-29 22:06:23: INFO 	 *** Updating new date... 2023-05-09
2024-05-29 22:06:27: INFO 	 *** Updating new date... 2023-05-10
2024-05-29 22:06:31: INFO 	 *** Updating new date... 2023-05-11
2024-05-29 22:06:36: INFO 	 *** Updating new date... 2023-05-12
2024-05-29 22:06:38: INFO 	 *** Updating new date... 2023-05-15
2024-05-29 22:06:42: INFO 	 *** Updating new date... 2023-05-16
2024-05-29 22:06:48: INFO 	 *** Updating new date... 2023-05-17
2024-05-29 22:06:54: INFO 	 *** Updating new date... 2023-05-18
2024-05-29 22:06:57: INFO 	 *** Updating new date... 2023-05-19
2024-05-29 22:07:02: INFO 	 *** Updating new date... 2023-05-22
2024-05-29 22:07:07: INFO 	 *** Updating new date... 2023-05-23
2024-05-29 22:07:11: INFO 	 *** Updating new date... 2023-05-24
2024-05-29 22:07:16: INFO 	 *** Updating new date... 2023-05-25
2024-05-29 22:07:20: INFO 	 *** Updating new date... 2023-05-26
2024-05-29 22:07:23: INFO 	 *** Updating new date... 2023-05-29
2024-05-29 22:07:29: INFO 	 *** Updating new date... 2023-05-30
2024-05-29 22:07:34: INFO 	 *** Updating new date... 2023-05-31
2024-05-29 22:07:38: INFO 	 *** Updating new date... 2023-06-01
2024-05-29 22:07:41: INFO 	 *** Updating new date... 2023-06-02
2024-05-29 22:07:45: INFO 	 *** Updating new date... 2023-06-05
2024-05-29 22:07:49: INFO 	 *** Updating new date... 2023-06-06
2024-05-29 22:07:52: INFO 	 *** Updating new date... 2023-06-07
2024-05-29 22:07:56: INFO 	 *** Updating new date... 2023-06-08
2024-05-29 22:08:00: INFO 	 *** Updating new date... 2023-06-09
2024-05-29 22:08:04: INFO 	 *** Updating new date... 2023-06-12
2024-05-29 22:08:16: INFO 	 *** Updating new date... 2023-06-13
2024-05-29 22:08:21: INFO 	 *** Updating new date... 2023-06-14
2024-05-29 22:08:25: INFO 	 *** Updating new date... 2023-06-15
2024-05-29 22:08:29: INFO 	 *** Updating new date... 2023-06-16
2024-05-29 22:08:32: INFO 	 *** Updating new date... 2023-06-19
2024-05-29 22:08:35: INFO 	 *** Updating new date... 2023-06-20
2024-05-29 22:08:38: INFO 	 *** Updating new date... 2023-06-21
2024-05-29 22:08:41: INFO 	 *** Updating new date... 2023-06-22
2024-05-29 22:08:45: INFO 	 *** Updating new date... 2023-06-23
2024-05-29 22:08:49: INFO 	 *** Updating new date... 2023-06-26
2024-05-29 22:08:56: INFO 	 *** Updating new date... 2023-06-27
2024-05-29 22:09:01: INFO 	 *** Updating new date... 2023-06-28
2024-05-29 22:09:03: INFO 	 *** Updating new date... 2023-06-29
2024-05-29 22:09:06: INFO 	 *** Updating new date... 2023-06-30
2024-05-29 22:09:09: INFO 	 *** Updating new date... 2023-07-03
2024-05-29 22:09:11: INFO 	 *** Updating new date... 2023-07-04
2024-05-29 22:09:14: INFO 	 *** Updating new date... 2023-07-05
2024-05-29 22:09:19: INFO 	 *** Updating new date... 2023-07-06
2024-05-29 22:09:22: INFO 	 *** Updating new date... 2023-07-07
2024-05-29 22:09:25: INFO 	 *** Updating new date... 2023-07-10
2024-05-29 22:09:28: INFO 	 *** Updating new date... 2023-07-11
2024-05-29 22:09:32: INFO 	 *** Updating new date... 2023-07-12
2024-05-29 22:09:35: INFO 	 *** Updating new date... 2023-07-13
2024-05-29 22:09:40: INFO 	 *** Updating new date... 2023-07-14
2024-05-29 22:09:45: INFO 	 *** Updating new date... 2023-07-17
2024-05-29 22:09:49: INFO 	 *** Updating new date... 2023-07-18
2024-05-29 22:09:54: INFO 	 *** Updating new date... 2023-07-19
2024-05-29 22:09:57: INFO 	 *** Updating new date... 2023-07-20
2024-05-29 22:10:01: INFO 	 *** Updating new date... 2023-07-21
2024-05-29 22:10:05: INFO 	 *** Updating new date... 2023-07-24
2024-05-29 22:10:10: INFO 	 *** Updating new date... 2023-07-25
2024-05-29 22:10:13: INFO 	 *** Updating new date... 2023-07-26
2024-05-29 22:10:17: INFO 	 *** Updating new date... 2023-07-27
2024-05-29 22:10:22: INFO 	 *** Updating new date... 2023-07-28
2024-05-29 22:10:26: INFO 	 *** Updating new date... 2023-07-31
2024-05-29 22:10:29: INFO 	 *** Updating new date... 2023-08-01
2024-05-29 22:10:33: INFO 	 *** Updating new date... 2023-08-02
2024-05-29 22:10:38: INFO 	 *** Updating new date... 2023-08-03
2024-05-29 22:10:42: INFO 	 *** Updating new date... 2023-08-04
2024-05-29 22:10:46: INFO 	 *** Updating new date... 2023-08-07
2024-05-29 22:10:50: INFO 	 *** Updating new date... 2023-08-08
2024-05-29 22:10:53: INFO 	 *** Updating new date... 2023-08-09
2024-05-29 22:10:56: INFO 	 *** Updating new date... 2023-08-10
2024-05-29 22:10:59: INFO 	 *** Updating new date... 2023-08-11
2024-05-29 22:11:02: INFO 	 *** Updating new date... 2023-08-14
2024-05-29 22:11:05: INFO 	 *** Updating new date... 2023-08-15
2024-05-29 22:11:08: INFO 	 *** Updating new date... 2023-08-16
2024-05-29 22:11:11: INFO 	 *** Updating new date... 2023-08-17
2024-05-29 22:11:14: INFO 	 *** Updating new date... 2023-08-18
2024-05-29 22:11:18: INFO 	 *** Updating new date... 2023-08-21
2024-05-29 22:11:23: INFO 	 *** Updating new date... 2023-08-22
2024-05-29 22:11:51: INFO 	 *** Updating new date... 2023-08-23
2024-05-29 22:11:56: INFO 	 *** Updating new date... 2023-08-24
2024-05-29 22:12:01: INFO 	 *** Updating new date... 2023-08-25
2024-05-29 22:12:10: INFO 	 *** Updating new date... 2023-08-28
2024-05-29 22:12:16: INFO 	 *** Updating new date... 2023-08-29
2024-05-29 22:12:20: INFO 	 *** Updating new date... 2023-08-30
2024-05-29 22:12:26: INFO 	 *** Updating new date... 2023-08-31
2024-05-29 22:12:32: INFO 	 *** Updating new date... 2023-09-01
2024-05-29 22:12:37: INFO 	 *** Updating new date... 2023-09-04
2024-05-29 22:12:40: INFO 	 *** Updating new date... 2023-09-05
2024-05-29 22:12:48: INFO 	 *** Updating new date... 2023-09-06
2024-05-29 22:12:52: INFO 	 *** Updating new date... 2023-09-07
2024-05-29 22:12:57: INFO 	 *** Updating new date... 2023-09-08
2024-05-29 22:12:59: INFO 	 *** Updating new date... 2023-09-11
2024-05-29 22:13:05: INFO 	 *** Updating new date... 2023-09-12
2024-05-29 22:13:10: INFO 	 *** Updating new date... 2023-09-13
2024-05-29 22:13:13: INFO 	 *** Updating new date... 2023-09-14
2024-05-29 22:13:18: INFO 	 *** Updating new date... 2023-09-15
2024-05-29 22:13:21: INFO 	 *** Updating new date... 2023-09-18
2024-05-29 22:13:22: INFO 	 *** Updating new date... 2023-09-19
2024-05-29 22:13:25: INFO 	 *** Updating new date... 2023-09-20
2024-05-29 22:13:28: INFO 	 *** Updating new date... 2023-09-21
2024-05-29 22:13:33: INFO 	 *** Updating new date... 2023-09-22
2024-05-29 22:13:37: INFO 	 *** Updating new date... 2023-09-25
2024-05-29 22:13:41: INFO 	 *** Updating new date... 2023-09-26
2024-05-29 22:13:45: INFO 	 *** Updating new date... 2023-09-27
2024-05-29 22:13:52: INFO 	 *** Updating new date... 2023-09-28
2024-05-29 22:13:57: INFO 	 *** Updating new date... 2023-09-29
2024-05-29 22:14:02: INFO 	 *** Updating new date... 2023-10-02
2024-05-29 22:14:09: INFO 	 *** Updating new date... 2023-10-03
2024-05-29 22:14:15: INFO 	 *** Updating new date... 2023-10-04
2024-05-29 22:14:18: INFO 	 *** Updating new date... 2023-10-05
2024-05-29 22:14:21: INFO 	 *** Updating new date... 2023-10-06
2024-05-29 22:14:27: INFO 	 *** Updating new date... 2023-10-09
2024-05-29 22:14:30: INFO 	 *** Updating new date... 2023-10-10
2024-05-29 22:14:35: INFO 	 *** Updating new date... 2023-10-11
2024-05-29 22:14:39: INFO 	 *** Updating new date... 2023-10-12
2024-05-29 22:14:46: INFO 	 *** Updating new date... 2023-10-13
2024-05-29 22:14:50: INFO 	 *** Updating new date... 2023-10-16
2024-05-29 22:14:55: INFO 	 *** Updating new date... 2023-10-17
2024-05-29 22:15:00: INFO 	 *** Updating new date... 2023-10-18
2024-05-29 22:15:04: INFO 	 *** Updating new date... 2023-10-19
2024-05-29 22:15:09: INFO 	 *** Updating new date... 2023-10-20
2024-05-29 22:15:13: INFO 	 *** Updating new date... 2023-10-23
2024-05-29 22:15:17: INFO 	 *** Updating new date... 2023-10-24
2024-05-29 22:15:20: INFO 	 *** Updating new date... 2023-10-25
2024-05-29 22:15:28: INFO 	 *** Updating new date... 2023-10-26
2024-05-29 22:15:31: INFO 	 *** Updating new date... 2023-10-27
2024-05-29 22:15:35: INFO 	 *** Updating new date... 2023-10-30
2024-05-29 22:15:40: INFO 	 *** Updating new date... 2023-10-31
2024-05-29 22:15:47: INFO 	 *** Updating new date... 2023-11-01
2024-05-29 22:15:51: INFO 	 *** Updating new date... 2023-11-02
2024-05-29 22:15:56: INFO 	 *** Updating new date... 2023-11-03
2024-05-29 22:16:00: INFO 	 *** Updating new date... 2023-11-06
2024-05-29 22:16:04: INFO 	 *** Updating new date... 2023-11-07
2024-05-29 22:16:10: INFO 	 *** Updating new date... 2023-11-08
2024-05-29 22:16:16: INFO 	 *** Updating new date... 2023-11-09
2024-05-29 22:16:20: INFO 	 *** Updating new date... 2023-11-10
2024-05-29 22:16:25: INFO 	 *** Updating new date... 2023-11-13
2024-05-29 22:16:30: INFO 	 *** Updating new date... 2023-11-14
2024-05-29 22:16:35: INFO 	 *** Updating new date... 2023-11-15
2024-05-29 22:16:41: INFO 	 *** Updating new date... 2023-11-16
2024-05-29 22:16:48: INFO 	 *** Updating new date... 2023-11-17
2024-05-29 22:16:52: INFO 	 *** Updating new date... 2023-11-20
2024-05-29 22:16:57: INFO 	 *** Updating new date... 2023-11-21
2024-05-29 22:17:08: INFO 	 *** Updating new date... 2023-11-22
2024-05-29 22:17:12: INFO 	 *** Updating new date... 2023-11-23
2024-05-29 22:17:17: INFO 	 *** Updating new date... 2023-11-24
2024-05-29 22:17:26: INFO 	 *** Updating new date... 2023-11-27
2024-05-29 22:17:30: INFO 	 *** Updating new date... 2023-11-28
2024-05-29 22:17:36: INFO 	 *** Updating new date... 2023-11-29
2024-05-29 22:17:41: INFO 	 *** Updating new date... 2023-11-30
2024-05-29 22:17:47: INFO 	 *** Updating new date... 2023-12-01
2024-05-29 22:17:52: INFO 	 *** Updating new date... 2023-12-04
2024-05-29 22:17:57: INFO 	 *** Updating new date... 2023-12-05
2024-05-29 22:18:02: INFO 	 *** Updating new date... 2023-12-06
2024-05-29 22:18:07: INFO 	 *** Updating new date... 2023-12-07
2024-05-29 22:18:11: INFO 	 *** Updating new date... 2023-12-08
2024-05-29 22:18:15: INFO 	 *** Updating new date... 2023-12-11
2024-05-29 22:18:19: INFO 	 *** Updating new date... 2023-12-12
2024-05-29 22:18:23: INFO 	 *** Updating new date... 2023-12-13
2024-05-29 22:18:29: INFO 	 *** Updating new date... 2023-12-14
2024-05-29 22:18:33: INFO 	 *** Updating new date... 2023-12-15
2024-05-29 22:18:38: INFO 	 *** Updating new date... 2023-12-18
2024-05-29 22:18:42: INFO 	 *** Updating new date... 2023-12-19
2024-05-29 22:18:48: INFO 	 *** Updating new date... 2023-12-20
2024-05-29 22:18:53: INFO 	 *** Updating new date... 2023-12-21
2024-05-29 22:18:57: INFO 	 *** Updating new date... 2023-12-22
2024-05-29 22:18:58: INFO 	 *** Updating new date... 2023-12-25
2024-05-29 22:19:02: INFO 	 *** Updating new date... 2023-12-26
2024-05-29 22:19:04: INFO 	 *** Updating new date... 2023-12-27
2024-05-29 22:19:08: INFO 	 *** Updating new date... 2023-12-28
2024-05-29 22:19:13: INFO 	 *** Updating new date... 2023-12-29
2024-05-29 22:19:13: INFO 	 *** Updating new date... 2024-01-01
2024-05-29 22:19:21: INFO 	 *** Updating new date... 2024-01-02
2024-05-29 22:19:25: INFO 	 *** Updating new date... 2024-01-03
2024-05-29 22:19:29: INFO 	 *** Updating new date... 2024-01-04
2024-05-29 22:19:34: INFO 	 *** Updating new date... 2024-01-05
2024-05-29 22:19:38: INFO 	 *** Updating new date... 2024-01-08
2024-05-29 22:19:43: INFO 	 *** Updating new date... 2024-01-09
2024-05-29 22:19:47: INFO 	 *** Updating new date... 2024-01-10
2024-05-29 22:19:53: INFO 	 *** Updating new date... 2024-01-11
2024-05-29 22:19:57: INFO 	 *** Updating new date... 2024-01-12
2024-05-29 22:20:01: INFO 	 *** Updating new date... 2024-01-15
2024-05-29 22:20:06: INFO 	 *** Updating new date... 2024-01-16
2024-05-29 22:21:29: INFO 	 --- Downloading the date 2023-03-20
2024-05-29 22:21:34: INFO 	 Downloading...	 WEBPXTICK_DT.zip
2024-05-29 22:21:34: INFO 	 File downloaded.	 WEBPXTICK_DT.zip
2024-05-29 22:21:34: INFO 	 Downloading...	 TickData_structure.dat
2024-05-29 22:21:34: INFO 	 File downloaded.	 TickData_structure.dat
2024-05-29 22:21:35: INFO 	 Downloading...	 TC.txt
2024-05-29 22:21:35: INFO 	 File downloaded.	 TC.txt
2024-05-29 22:21:35: INFO 	 Downloading...	 TC_structure.dat
2024-05-29 22:21:35: INFO 	 File downloaded.	 TC_structure.dat
